19:58:38 - INFO - test_logger - Iniciando prueba de login con usuario: standard_user, debe_funcionar: True
19:58:43 - INFO - test_logger - Iniciando prueba de login con usuario: locked_out_user, debe_funcionar: False
19:58:50 - INFO - test_logger - Iniciando prueba de login con usuario: problem_user, debe_funcionar: True
2025-11-26 20:02:47 - INFO - test_logger - Iniciando prueba de login con usuario: standard_user, debe_funcionar: True
2025-11-26 20:02:54 - INFO - test_logger - Iniciando prueba de login con usuario: locked_out_user, debe_funcionar: False
2025-11-26 20:03:00 - INFO - test_logger - Iniciando prueba de login con usuario: problem_user, debe_funcionar: True
2025-11-26 20:43:48 - INFO - test_logger - Validando ID de usuario específico
2025-11-26 20:43:49 - INFO - test_logger - Response Body: {'data': {'id': 2, 'email': 'janet.weaver@reqres.in', 'first_name': 'Janet', 'last_name': 'Weaver', 'avatar': 'https://reqres.in/img/faces/2-image.jpg'}, 'support': {'url': 'https://contentcaddy.io?utm_source=reqres&utm_medium=json&utm_campaign=referral', 'text': 'Tired of writing endless social media content? Let Content Caddy generate it for you.'}, '_meta': {'powered_by': '🚀 ReqRes - Deploy backends in 30 seconds', 'upgrade_url': 'https://app.reqres.in/upgrade', 'docs_url': 'https://reqres.in', 'template_gallery': 'https://app.reqres.in/templates', 'message': 'This API is powered by ReqRes. Deploy your own backend in 30 seconds!', 'features': ['30 Second Backend Templates', 'Custom API Endpoints', 'Data Persistence', 'Real-time Analytics'], 'upgrade_cta': 'Upgrade to Pro for unlimited requests, custom endpoints, and data persistence'}}
2025-11-26 20:43:49 - INFO - test_logger - Status Code: 200
2025-11-26 20:43:49 - INFO - test_logger - Response Body: {'name': 'Barbara La Rosa', 'job': 'QA', 'id': '280', 'createdAt': '2025-11-26T23:43:49.326Z'}
2025-11-26 20:43:49 - INFO - test_logger - Status Code: 201
2025-11-26 20:43:49 - INFO - test_logger - Response Data: {'name': 'Barbara La Rosa', 'job': 'QA', 'id': '280', 'createdAt': '2025-11-26T23:43:49.326Z'}
2025-11-26 20:45:11 - INFO - test_logger - Validando ID de usuario específico
2025-11-26 20:45:11 - INFO - test_logger - Response Body: {'data': {'id': 2, 'email': 'janet.weaver@reqres.in', 'first_name': 'Janet', 'last_name': 'Weaver', 'avatar': 'https://reqres.in/img/faces/2-image.jpg'}, 'support': {'url': 'https://contentcaddy.io?utm_source=reqres&utm_medium=json&utm_campaign=referral', 'text': 'Tired of writing endless social media content? Let Content Caddy generate it for you.'}, '_meta': {'powered_by': '🚀 ReqRes - Deploy backends in 30 seconds', 'upgrade_url': 'https://app.reqres.in/upgrade', 'docs_url': 'https://reqres.in', 'template_gallery': 'https://app.reqres.in/templates', 'message': 'This API is powered by ReqRes. Deploy your own backend in 30 seconds!', 'features': ['30 Second Backend Templates', 'Custom API Endpoints', 'Data Persistence', 'Real-time Analytics'], 'upgrade_cta': 'Upgrade to Pro for unlimited requests, custom endpoints, and data persistence'}}
2025-11-26 20:45:11 - INFO - test_logger - Status Code: 200
2025-11-26 20:45:12 - INFO - test_logger - Response Body: {'name': 'Barbara La Rosa', 'job': 'QA', 'id': '137', 'createdAt': '2025-11-26T23:45:11.934Z'}
2025-11-26 20:45:12 - INFO - test_logger - Status Code: 201
2025-11-26 20:45:12 - INFO - test_logger - Response Data: {'name': 'Barbara La Rosa', 'job': 'QA', 'id': '137', 'createdAt': '2025-11-26T23:45:11.934Z'}
2025-11-26 20:45:12 - INFO - test_logger - Response Body: {'data': {'id': 2, 'email': 'janet.weaver@reqres.in', 'first_name': 'Janet', 'last_name': 'Weaver', 'avatar': 'https://reqres.in/img/faces/2-image.jpg'}, 'support': {'url': 'https://contentcaddy.io?utm_source=reqres&utm_medium=json&utm_campaign=referral', 'text': 'Tired of writing endless social media content? Let Content Caddy generate it for you.'}, '_meta': {'powered_by': '🚀 ReqRes - Deploy backends in 30 seconds', 'upgrade_url': 'https://app.reqres.in/upgrade', 'docs_url': 'https://reqres.in', 'template_gallery': 'https://app.reqres.in/templates', 'message': 'This API is powered by ReqRes. Deploy your own backend in 30 seconds!', 'features': ['30 Second Backend Templates', 'Custom API Endpoints', 'Data Persistence', 'Real-time Analytics'], 'upgrade_cta': 'Upgrade to Pro for unlimited requests, custom endpoints, and data persistence'}}
2025-12-10 19:20:58 - INFO - test_logger - Iniciando prueba de login con usuario: standard_user, debe_funcionar: True
2025-12-10 19:21:03 - INFO - test_logger - Iniciando prueba de login con usuario: locked_out_user, debe_funcionar: False
2025-12-10 19:21:08 - INFO - test_logger - Iniciando prueba de login con usuario: problem_user, debe_funcionar: True
2025-12-10 19:22:43 - INFO - test_logger - Validando ID de usuario específico
2025-12-10 19:22:44 - INFO - test_logger - Response Body: {'error': 'api_key_required', 'message': 'Create your API key at https://app.reqres.in to access the ReqRes API.', 'signup_url': 'https://app.reqres.in'}
2025-12-10 19:22:44 - INFO - test_logger - Status Code: 401
2025-12-10 19:22:45 - INFO - test_logger - Response Body: {'error': 'api_key_required', 'message': 'Create your API key at https://app.reqres.in to access the ReqRes API.', 'signup_url': 'https://app.reqres.in'}
2025-12-10 19:22:45 - INFO - test_logger - Status Code: 401
2025-12-10 19:26:00 - INFO - test_logger - Iniciando prueba de login con usuario: standard_user, debe_funcionar: True
2025-12-10 19:26:05 - INFO - test_logger - Iniciando prueba de login con usuario: locked_out_user, debe_funcionar: False
2025-12-10 19:26:11 - INFO - test_logger - Iniciando prueba de login con usuario: problem_user, debe_funcionar: True
2025-12-10 19:27:46 - INFO - test_logger - Validando ID de usuario específico
2025-12-10 19:27:46 - INFO - test_logger - Response Body: {'error': 'api_key_required', 'message': 'Create your API key at https://app.reqres.in to access the ReqRes API.', 'signup_url': 'https://app.reqres.in'}
2025-12-10 19:27:46 - INFO - test_logger - Status Code: 401
2025-12-10 19:27:47 - INFO - test_logger - Response Body: {'error': 'api_key_required', 'message': 'Create your API key at https://app.reqres.in to access the ReqRes API.', 'signup_url': 'https://app.reqres.in'}
2025-12-10 19:27:47 - INFO - test_logger - Status Code: 401
2025-12-10 19:39:18 - INFO - test_logger - Validando ID de usuario específico
2025-12-10 19:39:19 - INFO - test_logger - Response Body: {'error': 'api_key_required', 'message': 'Create your API key at https://app.reqres.in to access the ReqRes API.', 'signup_url': 'https://app.reqres.in'}
2025-12-10 19:39:19 - INFO - test_logger - Status Code: 401
2025-12-10 19:39:20 - INFO - test_logger - Response Body: {'error': 'api_key_required', 'message': 'Create your API key at https://app.reqres.in to access the ReqRes API.', 'signup_url': 'https://app.reqres.in'}
2025-12-10 19:39:20 - INFO - test_logger - Status Code: 401
2025-12-10 19:41:55 - INFO - test_logger - Validando ID de usuario específico
2025-12-10 19:43:43 - INFO - test_logger - Validando ID de usuario específico
2025-12-10 19:46:32 - INFO - test_logger - Validando ID de usuario específico
2025-12-10 19:47:01 - INFO - test_logger - Validando ID de usuario específico
2025-12-10 19:47:01 - INFO - test_logger - Response Body: {'data': {'id': 2, 'email': 'janet.weaver@reqres.in', 'first_name': 'Janet', 'last_name': 'Weaver', 'avatar': 'https://reqres.in/img/faces/2-image.jpg'}, 'support': {'url': 'https://contentcaddy.io?utm_source=reqres&utm_medium=json&utm_campaign=referral', 'text': 'Tired of writing endless social media content? Let Content Caddy generate it for you.'}, '_meta': {'powered_by': '🚀 ReqRes - Deploy backends in 30 seconds', 'upgrade_url': 'https://app.reqres.in/upgrade', 'docs_url': 'https://reqres.in', 'template_gallery': 'https://app.reqres.in/templates', 'message': 'This API is powered by ReqRes. Deploy your own backend in 30 seconds!', 'features': ['30 Second Backend Templates', 'Custom API Endpoints', 'Data Persistence', 'Real-time Analytics'], 'upgrade_cta': 'Upgrade to Pro for unlimited requests, custom endpoints, and data persistence'}}
2025-12-10 19:47:01 - INFO - test_logger - Status Code: 200
2025-12-10 19:47:02 - INFO - test_logger - Response Body: {'name': 'Barbara La Rosa', 'job': 'QA', 'id': '847', 'createdAt': '2025-12-10T22:47:00.201Z'}
2025-12-10 19:47:02 - INFO - test_logger - Status Code: 201
2025-12-10 19:47:02 - INFO - test_logger - Response Data: {'name': 'Barbara La Rosa', 'job': 'QA', 'id': '847', 'createdAt': '2025-12-10T22:47:00.201Z'}
2025-12-10 19:47:02 - INFO - test_logger - Response Body: {'data': {'id': 2, 'email': 'janet.weaver@reqres.in', 'first_name': 'Janet', 'last_name': 'Weaver', 'avatar': 'https://reqres.in/img/faces/2-image.jpg'}, 'support': {'url': 'https://contentcaddy.io?utm_source=reqres&utm_medium=json&utm_campaign=referral', 'text': 'Tired of writing endless social media content? Let Content Caddy generate it for you.'}, '_meta': {'powered_by': '🚀 ReqRes - Deploy backends in 30 seconds', 'upgrade_url': 'https://app.reqres.in/upgrade', 'docs_url': 'https://reqres.in', 'template_gallery': 'https://app.reqres.in/templates', 'message': 'This API is powered by ReqRes. Deploy your own backend in 30 seconds!', 'features': ['30 Second Backend Templates', 'Custom API Endpoints', 'Data Persistence', 'Real-time Analytics'], 'upgrade_cta': 'Upgrade to Pro for unlimited requests, custom endpoints, and data persistence'}}
2025-12-10 19:48:09 - INFO - test_logger - Validando ID de usuario específico
2025-12-10 19:48:09 - INFO - test_logger - Response Body: {'data': {'id': 2, 'email': 'janet.weaver@reqres.in', 'first_name': 'Janet', 'last_name': 'Weaver', 'avatar': 'https://reqres.in/img/faces/2-image.jpg'}, 'support': {'url': 'https://contentcaddy.io?utm_source=reqres&utm_medium=json&utm_campaign=referral', 'text': 'Tired of writing endless social media content? Let Content Caddy generate it for you.'}, '_meta': {'powered_by': '🚀 ReqRes - Deploy backends in 30 seconds', 'upgrade_url': 'https://app.reqres.in/upgrade', 'docs_url': 'https://reqres.in', 'template_gallery': 'https://app.reqres.in/templates', 'message': 'This API is powered by ReqRes. Deploy your own backend in 30 seconds!', 'features': ['30 Second Backend Templates', 'Custom API Endpoints', 'Data Persistence', 'Real-time Analytics'], 'upgrade_cta': 'Upgrade to Pro for unlimited requests, custom endpoints, and data persistence'}}
2025-12-10 19:48:09 - INFO - test_logger - Status Code: 200
2025-12-10 19:48:10 - INFO - test_logger - Response Body: {'name': 'Barbara La Rosa', 'job': 'QA', 'id': '628', 'createdAt': '2025-12-10T22:48:07.999Z'}
2025-12-10 19:48:10 - INFO - test_logger - Status Code: 201
2025-12-10 19:48:10 - INFO - test_logger - Response Data: {'name': 'Barbara La Rosa', 'job': 'QA', 'id': '628', 'createdAt': '2025-12-10T22:48:07.999Z'}
2025-12-10 19:48:10 - INFO - test_logger - Response Body: {'data': {'id': 2, 'email': 'janet.weaver@reqres.in', 'first_name': 'Janet', 'last_name': 'Weaver', 'avatar': 'https://reqres.in/img/faces/2-image.jpg'}, 'support': {'url': 'https://contentcaddy.io?utm_source=reqres&utm_medium=json&utm_campaign=referral', 'text': 'Tired of writing endless social media content? Let Content Caddy generate it for you.'}, '_meta': {'powered_by': '🚀 ReqRes - Deploy backends in 30 seconds', 'upgrade_url': 'https://app.reqres.in/upgrade', 'docs_url': 'https://reqres.in', 'template_gallery': 'https://app.reqres.in/templates', 'message': 'This API is powered by ReqRes. Deploy your own backend in 30 seconds!', 'features': ['30 Second Backend Templates', 'Custom API Endpoints', 'Data Persistence', 'Real-time Analytics'], 'upgrade_cta': 'Upgrade to Pro for unlimited requests, custom endpoints, and data persistence'}}
2025-12-10 19:49:29 - INFO - test_logger - Validando ID de usuario específico
2025-12-10 19:49:29 - INFO - test_logger - Response Body: {'data': {'id': 2, 'email': 'janet.weaver@reqres.in', 'first_name': 'Janet', 'last_name': 'Weaver', 'avatar': 'https://reqres.in/img/faces/2-image.jpg'}, 'support': {'url': 'https://contentcaddy.io?utm_source=reqres&utm_medium=json&utm_campaign=referral', 'text': 'Tired of writing endless social media content? Let Content Caddy generate it for you.'}, '_meta': {'powered_by': '🚀 ReqRes - Deploy backends in 30 seconds', 'upgrade_url': 'https://app.reqres.in/upgrade', 'docs_url': 'https://reqres.in', 'template_gallery': 'https://app.reqres.in/templates', 'message': 'This API is powered by ReqRes. Deploy your own backend in 30 seconds!', 'features': ['30 Second Backend Templates', 'Custom API Endpoints', 'Data Persistence', 'Real-time Analytics'], 'upgrade_cta': 'Upgrade to Pro for unlimited requests, custom endpoints, and data persistence'}}
2025-12-10 19:49:29 - INFO - test_logger - Status Code: 200
2025-12-10 19:49:30 - INFO - test_logger - Response Body: {'name': 'Barbara La Rosa', 'job': 'QA', 'id': '372', 'createdAt': '2025-12-10T22:49:28.386Z'}
2025-12-10 19:49:30 - INFO - test_logger - Status Code: 201
2025-12-10 19:49:30 - INFO - test_logger - Response Data: {'name': 'Barbara La Rosa', 'job': 'QA', 'id': '372', 'createdAt': '2025-12-10T22:49:28.386Z'}
2025-12-10 19:49:30 - INFO - test_logger - Response Body: {'data': {'id': 2, 'email': 'janet.weaver@reqres.in', 'first_name': 'Janet', 'last_name': 'Weaver', 'avatar': 'https://reqres.in/img/faces/2-image.jpg'}, 'support': {'url': 'https://contentcaddy.io?utm_source=reqres&utm_medium=json&utm_campaign=referral', 'text': 'Tired of writing endless social media content? Let Content Caddy generate it for you.'}, '_meta': {'powered_by': '🚀 ReqRes - Deploy backends in 30 seconds', 'upgrade_url': 'https://app.reqres.in/upgrade', 'docs_url': 'https://reqres.in', 'template_gallery': 'https://app.reqres.in/templates', 'message': 'This API is powered by ReqRes. Deploy your own backend in 30 seconds!', 'features': ['30 Second Backend Templates', 'Custom API Endpoints', 'Data Persistence', 'Real-time Analytics'], 'upgrade_cta': 'Upgrade to Pro for unlimited requests, custom endpoints, and data persistence'}}
2025-12-10 19:49:44 - INFO - test_logger - Validando ID de usuario específico
2025-12-10 19:49:44 - INFO - test_logger - Response Body: {'data': {'id': 2, 'email': 'janet.weaver@reqres.in', 'first_name': 'Janet', 'last_name': 'Weaver', 'avatar': 'https://reqres.in/img/faces/2-image.jpg'}, 'support': {'url': 'https://contentcaddy.io?utm_source=reqres&utm_medium=json&utm_campaign=referral', 'text': 'Tired of writing endless social media content? Let Content Caddy generate it for you.'}, '_meta': {'powered_by': '🚀 ReqRes - Deploy backends in 30 seconds', 'upgrade_url': 'https://app.reqres.in/upgrade', 'docs_url': 'https://reqres.in', 'template_gallery': 'https://app.reqres.in/templates', 'message': 'This API is powered by ReqRes. Deploy your own backend in 30 seconds!', 'features': ['30 Second Backend Templates', 'Custom API Endpoints', 'Data Persistence', 'Real-time Analytics'], 'upgrade_cta': 'Upgrade to Pro for unlimited requests, custom endpoints, and data persistence'}}
2025-12-10 19:49:44 - INFO - test_logger - Status Code: 200
2025-12-10 19:49:45 - INFO - test_logger - Response Body: {'name': 'Barbara La Rosa', 'job': 'QA', 'id': '368', 'createdAt': '2025-12-10T22:49:42.985Z'}
2025-12-10 19:49:45 - INFO - test_logger - Status Code: 201
2025-12-10 19:49:45 - INFO - test_logger - Response Data: {'name': 'Barbara La Rosa', 'job': 'QA', 'id': '368', 'createdAt': '2025-12-10T22:49:42.985Z'}
2025-12-10 19:49:45 - INFO - test_logger - Response Body: {'data': {'id': 2, 'email': 'janet.weaver@reqres.in', 'first_name': 'Janet', 'last_name': 'Weaver', 'avatar': 'https://reqres.in/img/faces/2-image.jpg'}, 'support': {'url': 'https://contentcaddy.io?utm_source=reqres&utm_medium=json&utm_campaign=referral', 'text': 'Tired of writing endless social media content? Let Content Caddy generate it for you.'}, '_meta': {'powered_by': '🚀 ReqRes - Deploy backends in 30 seconds', 'upgrade_url': 'https://app.reqres.in/upgrade', 'docs_url': 'https://reqres.in', 'template_gallery': 'https://app.reqres.in/templates', 'message': 'This API is powered by ReqRes. Deploy your own backend in 30 seconds!', 'features': ['30 Second Backend Templates', 'Custom API Endpoints', 'Data Persistence', 'Real-time Analytics'], 'upgrade_cta': 'Upgrade to Pro for unlimited requests, custom endpoints, and data persistence'}}
2025-12-10 19:49:59 - INFO - test_logger - Validando ID de usuario específico
2025-12-10 19:49:59 - INFO - test_logger - Response Body: {'data': {'id': 2, 'email': 'janet.weaver@reqres.in', 'first_name': 'Janet', 'last_name': 'Weaver', 'avatar': 'https://reqres.in/img/faces/2-image.jpg'}, 'support': {'url': 'https://contentcaddy.io?utm_source=reqres&utm_medium=json&utm_campaign=referral', 'text': 'Tired of writing endless social media content? Let Content Caddy generate it for you.'}, '_meta': {'powered_by': '🚀 ReqRes - Deploy backends in 30 seconds', 'upgrade_url': 'https://app.reqres.in/upgrade', 'docs_url': 'https://reqres.in', 'template_gallery': 'https://app.reqres.in/templates', 'message': 'This API is powered by ReqRes. Deploy your own backend in 30 seconds!', 'features': ['30 Second Backend Templates', 'Custom API Endpoints', 'Data Persistence', 'Real-time Analytics'], 'upgrade_cta': 'Upgrade to Pro for unlimited requests, custom endpoints, and data persistence'}}
2025-12-10 19:49:59 - INFO - test_logger - Status Code: 200
2025-12-10 19:50:00 - INFO - test_logger - Response Body: {'name': 'Barbara La Rosa', 'job': 'QA', 'id': '585', 'createdAt': '2025-12-10T22:49:57.940Z'}
2025-12-10 19:50:00 - INFO - test_logger - Status Code: 201
2025-12-10 19:50:00 - INFO - test_logger - Response Data: {'name': 'Barbara La Rosa', 'job': 'QA', 'id': '585', 'createdAt': '2025-12-10T22:49:57.940Z'}
2025-12-10 19:50:00 - INFO - test_logger - Response Body: {'data': {'id': 2, 'email': 'janet.weaver@reqres.in', 'first_name': 'Janet', 'last_name': 'Weaver', 'avatar': 'https://reqres.in/img/faces/2-image.jpg'}, 'support': {'url': 'https://contentcaddy.io?utm_source=reqres&utm_medium=json&utm_campaign=referral', 'text': 'Tired of writing endless social media content? Let Content Caddy generate it for you.'}, '_meta': {'powered_by': '🚀 ReqRes - Deploy backends in 30 seconds', 'upgrade_url': 'https://app.reqres.in/upgrade', 'docs_url': 'https://reqres.in', 'template_gallery': 'https://app.reqres.in/templates', 'message': 'This API is powered by ReqRes. Deploy your own backend in 30 seconds!', 'features': ['30 Second Backend Templates', 'Custom API Endpoints', 'Data Persistence', 'Real-time Analytics'], 'upgrade_cta': 'Upgrade to Pro for unlimited requests, custom endpoints, and data persistence'}}
2025-12-10 19:50:07 - INFO - test_logger - Iniciando prueba de login con usuario: standard_user, debe_funcionar: True
2025-12-10 19:50:13 - INFO - test_logger - Iniciando prueba de login con usuario: locked_out_user, debe_funcionar: False
2025-12-10 19:50:18 - INFO - test_logger - Iniciando prueba de login con usuario: problem_user, debe_funcionar: True
2025-12-10 19:51:53 - INFO - test_logger - Validando ID de usuario específico
2025-12-10 19:51:54 - INFO - test_logger - Response Body: {'data': {'id': 2, 'email': 'janet.weaver@reqres.in', 'first_name': 'Janet', 'last_name': 'Weaver', 'avatar': 'https://reqres.in/img/faces/2-image.jpg'}, 'support': {'url': 'https://contentcaddy.io?utm_source=reqres&utm_medium=json&utm_campaign=referral', 'text': 'Tired of writing endless social media content? Let Content Caddy generate it for you.'}, '_meta': {'powered_by': '🚀 ReqRes - Deploy backends in 30 seconds', 'upgrade_url': 'https://app.reqres.in/upgrade', 'docs_url': 'https://reqres.in', 'template_gallery': 'https://app.reqres.in/templates', 'message': 'This API is powered by ReqRes. Deploy your own backend in 30 seconds!', 'features': ['30 Second Backend Templates', 'Custom API Endpoints', 'Data Persistence', 'Real-time Analytics'], 'upgrade_cta': 'Upgrade to Pro for unlimited requests, custom endpoints, and data persistence'}}
2025-12-10 19:51:54 - INFO - test_logger - Status Code: 200
2025-12-10 19:51:54 - INFO - test_logger - Response Body: {'name': 'Barbara La Rosa', 'job': 'QA', 'id': '814', 'createdAt': '2025-12-10T22:51:52.320Z'}
2025-12-10 19:51:54 - INFO - test_logger - Status Code: 201
2025-12-10 19:51:54 - INFO - test_logger - Response Data: {'name': 'Barbara La Rosa', 'job': 'QA', 'id': '814', 'createdAt': '2025-12-10T22:51:52.320Z'}
2025-12-10 19:51:55 - INFO - test_logger - Response Body: {'data': {'id': 2, 'email': 'janet.weaver@reqres.in', 'first_name': 'Janet', 'last_name': 'Weaver', 'avatar': 'https://reqres.in/img/faces/2-image.jpg'}, 'support': {'url': 'https://contentcaddy.io?utm_source=reqres&utm_medium=json&utm_campaign=referral', 'text': 'Tired of writing endless social media content? Let Content Caddy generate it for you.'}, '_meta': {'powered_by': '🚀 ReqRes - Deploy backends in 30 seconds', 'upgrade_url': 'https://app.reqres.in/upgrade', 'docs_url': 'https://reqres.in', 'template_gallery': 'https://app.reqres.in/templates', 'message': 'This API is powered by ReqRes. Deploy your own backend in 30 seconds!', 'features': ['30 Second Backend Templates', 'Custom API Endpoints', 'Data Persistence', 'Real-time Analytics'], 'upgrade_cta': 'Upgrade to Pro for unlimited requests, custom endpoints, and data persistence'}}
